[debug] [2021-04-23T04:18:48.734Z] ----------------------------------------------------------------------
[debug] [2021-04-23T04:18:48.736Z] Command:       C:\Program Files\nodejs\node.exe C:\Users\guayo\AppData\Roaming\npm\node_modules\firebase-tools\lib\bin\firebase.js emulators:start
[debug] [2021-04-23T04:18:48.737Z] CLI Version:   9.8.0
[debug] [2021-04-23T04:18:48.737Z] Platform:      win32
[debug] [2021-04-23T04:18:48.737Z] Node Version:  v10.15.3
[debug] [2021-04-23T04:18:48.786Z] Time:          Thu Apr 22 2021 21:18:48 GMT-0700 (Pacific Daylight Time)
[debug] [2021-04-23T04:18:48.786Z] ----------------------------------------------------------------------
[debug] 
[debug] [2021-04-23T04:18:48.819Z] >>> [apiv2][query] GET https://firebase-public.firebaseio.com/cli.json [none]
[debug] [2021-04-23T04:18:48.923Z] > command requires scopes: ["email","openid","https://www.googleapis.com/auth/cloudplatformprojects.readonly","https://www.googleapis.com/auth/firebase","https://www.googleapis.com/auth/cloud-platform"]
[debug] [2021-04-23T04:18:48.924Z] > authorizing via signed-in user
[info] i  emulators: Starting emulators: functions, hosting {"metadata":{"emulator":{"name":"hub"},"message":"Starting emulators: functions, hosting"}}
[debug] [2021-04-23T04:18:49.218Z] <<< [apiv2][status] GET https://firebase-public.firebaseio.com/cli.json 200
[debug] [2021-04-23T04:18:49.218Z] <<< [apiv2][body] GET https://firebase-public.firebaseio.com/cli.json {"cloudBuildErrorAfter":1594252800000,"cloudBuildWarnAfter":1590019200000,"defaultNode10After":1594252800000,"minVersion":"3.0.5","node8DeploysDisabledAfter":1613390400000,"node8RuntimeDisabledAfter":1615809600000,"node8WarnAfter":1600128000000}
[debug] [2021-04-23T04:18:51.010Z] [hub] writing locator at C:\Users\guayo\AppData\Local\Temp\hub-clone-4aa3d.json
[warn] !  functions: The following emulators are not running, calls to these services from the Functions emulator will affect production: auth, firestore, database, pubsub {"metadata":{"emulator":{"name":"functions"},"message":"The following emulators are not running, calls to these services from the Functions emulator will affect production: \u001b[1mauth, firestore, database, pubsub\u001b[22m"}}
[info] +  functions: Using node@10 from host. {"metadata":{"emulator":{"name":"functions"},"message":"Using node@10 from host."}}
[debug] [2021-04-23T04:18:53.170Z] defaultcredentials: writing to file C:\Users\guayo\AppData\Roaming\firebase\grlara9_gmail_com_application_default_credentials.json
[debug] [2021-04-23T04:18:53.201Z] Setting GAC to C:\Users\guayo\AppData\Roaming\firebase\grlara9_gmail_com_application_default_credentials.json {"metadata":{"emulator":{"name":"functions"},"message":"Setting GAC to C:\\Users\\guayo\\AppData\\Roaming\\firebase\\grlara9_gmail_com_application_default_credentials.json"}}
[debug] [2021-04-23T04:18:53.203Z] > refreshing access token with scopes: []
[debug] [2021-04-23T04:18:53.204Z] >>> HTTP REQUEST POST https://www.googleapis.com/oauth2/v3/token  
 <request body omitted>
[debug] [2021-04-23T04:18:53.391Z] <<< HTTP RESPONSE 200 {"cache-control":"no-cache, no-store, max-age=0, must-revalidate","expires":"Mon, 01 Jan 1990 00:00:00 GMT","date":"Fri, 23 Apr 2021 04:18:55 GMT","pragma":"no-cache","content-type":"application/json; charset=utf-8","vary":"X-Origin, Referer, Origin,Accept-Encoding","server":"scaffolding on HTTPServer2","x-xss-protection":"0","x-frame-options":"SAMEORIGIN","x-content-type-options":"nosniff","alt-svc":"h3-29=\":443\"; ma=2592000,h3-T051=\":443\"; ma=2592000,h3-Q050=\":443\"; ma=2592000,h3-Q046=\":443\"; ma=2592000,h3-Q043=\":443\"; ma=2592000,quic=\":443\"; ma=2592000; v=\"46,43\"","accept-ranges":"none","transfer-encoding":"chunked"}
[debug] [2021-04-23T04:18:53.549Z] >>> [apiv2][query] GET https://firebase.googleapis.com/v1beta1/projects/clone-4aa3d/adminSdkConfig [none]
[debug] [2021-04-23T04:18:53.901Z] <<< [apiv2][status] GET https://firebase.googleapis.com/v1beta1/projects/clone-4aa3d/adminSdkConfig 200
[debug] [2021-04-23T04:18:53.901Z] <<< [apiv2][body] GET https://firebase.googleapis.com/v1beta1/projects/clone-4aa3d/adminSdkConfig {"projectId":"clone-4aa3d","databaseURL":"https://clone-4aa3d-default-rtdb.firebaseio.com","storageBucket":"clone-4aa3d.appspot.com","locationId":"us-central"}
[debug] [2021-04-23T04:18:56.066Z] >>> [apiv2][query] GET https://firebase.googleapis.com/v1beta1/projects/clone-4aa3d/webApps/-/config [none]
[debug] [2021-04-23T04:18:56.542Z] <<< [apiv2][status] GET https://firebase.googleapis.com/v1beta1/projects/clone-4aa3d/webApps/-/config 200
[debug] [2021-04-23T04:18:56.542Z] <<< [apiv2][body] GET https://firebase.googleapis.com/v1beta1/projects/clone-4aa3d/webApps/-/config {"projectId":"clone-4aa3d","appId":"1:912110619256:web:37984f1281b86c8ce33b8d","databaseURL":"https://clone-4aa3d-default-rtdb.firebaseio.com","storageBucket":"clone-4aa3d.appspot.com","locationId":"us-central","apiKey":"AIzaSyAmnd2l6ae9jHStwoYc0zt_duZTImgqmbQ","authDomain":"clone-4aa3d.firebaseapp.com","messagingSenderId":"912110619256","measurementId":"G-8TLHT55W2R"}
[info] i  hosting: Serving hosting files from: build {"metadata":{"emulator":{"name":"hosting"},"message":"Serving hosting files from: \u001b[1mbuild\u001b[22m"}}
[info] +  hosting: Local server: http://localhost:5000 {"metadata":{"emulator":{"name":"hosting"},"message":"Local server: \u001b[4m\u001b[1mhttp://localhost:5000\u001b[22m\u001b[24m"}}
[debug] [2021-04-23T04:19:00.895Z] Ignoring unsupported arg: auto_download {"metadata":{"emulator":{"name":"ui"},"message":"Ignoring unsupported arg: auto_download"}}
[debug] [2021-04-23T04:19:00.896Z] Ignoring unsupported arg: port {"metadata":{"emulator":{"name":"ui"},"message":"Ignoring unsupported arg: port"}}
[debug] [2021-04-23T04:19:00.896Z] Starting Emulator UI with command {"binary":"node","args":["C:\\Users\\guayo\\.cache\\firebase\\emulators\\ui-v1.4.2\\server.bundle.js"],"optionalArgs":[],"joinArgs":false} {"metadata":{"emulator":{"name":"ui"},"message":"Starting Emulator UI with command {\"binary\":\"node\",\"args\":[\"C:\\\\Users\\\\guayo\\\\.cache\\\\firebase\\\\emulators\\\\ui-v1.4.2\\\\server.bundle.js\"],\"optionalArgs\":[],\"joinArgs\":false}"}}
[info] i  ui: Emulator UI logging to ui-debug.log {"metadata":{"emulator":{"name":"ui"},"message":"Emulator UI logging to \u001b[1mui-debug.log\u001b[22m"}}
[debug] [2021-04-23T04:19:01.163Z] Web / API server started at http://localhost:4000
 {"metadata":{"emulator":{"name":"ui"},"message":"Web / API server started at http://localhost:4000\n"}}
[info] i  functions: Watching "C:\Users\guayo\code\amazon-clone-react\functions" for Cloud Functions... {"metadata":{"emulator":{"name":"functions"},"message":"Watching \"C:\\Users\\guayo\\code\\amazon-clone-react\\functions\" for Cloud Functions..."}}
[debug] [2021-04-23T04:19:01.439Z] [worker-pool] addWorker(~diagnostic~) {"metadata":{"emulator":{"name":"functions"},"message":"[worker-pool] addWorker(~diagnostic~)"}}
[debug] [2021-04-23T04:19:01.440Z] [worker-pool] Adding worker with key ~diagnostic~, total=1 {"metadata":{"emulator":{"name":"functions"},"message":"[worker-pool] Adding worker with key ~diagnostic~, total=1"}}
[debug] [2021-04-23T04:19:01.440Z] [worker-pool] submitWork(triggerId=) {"metadata":{"emulator":{"name":"functions"},"message":"[worker-pool] submitWork(triggerId=)"}}
[debug] [2021-04-23T04:19:01.441Z] [worker-~diagnostic~-d962424b-52a9-4814-b3f6-60893fc04d13]: Assigning socketPath: \\?\pipe\C:\Users\guayo\code\amazon-clone-react\functions\25068 {"metadata":{"emulator":{"name":"functions"},"message":"[worker-~diagnostic~-d962424b-52a9-4814-b3f6-60893fc04d13]: Assigning socketPath: \\\\?\\pipe\\C:\\Users\\guayo\\code\\amazon-clone-react\\functions\\25068"}}
[debug] [2021-04-23T04:19:01.442Z] [worker-~diagnostic~-d962424b-52a9-4814-b3f6-60893fc04d13]: BUSY {"metadata":{"emulator":{"name":"functions"},"message":"[worker-~diagnostic~-d962424b-52a9-4814-b3f6-60893fc04d13]: BUSY"}}
[debug] [2021-04-23T04:19:02.118Z] [runtime-status] [25068] Functions runtime initialized. {"cwd":"C:\\Users\\guayo\\code\\amazon-clone-react\\functions","node_version":"10.15.3"} {"metadata":{"emulator":{"name":"functions"},"message":"[runtime-status] [25068] Functions runtime initialized. {\"cwd\":\"C:\\\\Users\\\\guayo\\\\code\\\\amazon-clone-react\\\\functions\",\"node_version\":\"10.15.3\"}"}}
[debug] [2021-04-23T04:19:02.120Z] [runtime-status] [25068] Disabled runtime features: undefined {"metadata":{"emulator":{"name":"functions"},"message":"[runtime-status] [25068] Disabled runtime features: undefined"}}
[debug] [2021-04-23T04:19:02.243Z] [runtime-status] [25068] Resolved module firebase-admin {"declared":true,"installed":true,"version":"9.4.2","resolution":"C:\\Users\\guayo\\code\\amazon-clone-react\\functions\\node_modules\\firebase-admin\\lib\\index.js"} {"metadata":{"emulator":{"name":"functions"},"message":"[runtime-status] [25068] Resolved module firebase-admin {\"declared\":true,\"installed\":true,\"version\":\"9.4.2\",\"resolution\":\"C:\\\\Users\\\\guayo\\\\code\\\\amazon-clone-react\\\\functions\\\\node_modules\\\\firebase-admin\\\\lib\\\\index.js\"}"}}
[debug] [2021-04-23T04:19:02.323Z] [runtime-status] [25068] Resolved module firebase-functions {"declared":true,"installed":true,"version":"3.13.1","resolution":"C:\\Users\\guayo\\code\\amazon-clone-react\\functions\\node_modules\\firebase-functions\\lib\\index.js"} {"metadata":{"emulator":{"name":"functions"},"message":"[runtime-status] [25068] Resolved module firebase-functions {\"declared\":true,\"installed\":true,\"version\":\"3.13.1\",\"resolution\":\"C:\\\\Users\\\\guayo\\\\code\\\\amazon-clone-react\\\\functions\\\\node_modules\\\\firebase-functions\\\\lib\\\\index.js\"}"}}
[debug] [2021-04-23T04:19:02.324Z] [runtime-status] [25068] Resolved module firebase-functions {"declared":true,"installed":true,"version":"3.13.1","resolution":"C:\\Users\\guayo\\code\\amazon-clone-react\\functions\\node_modules\\firebase-functions\\lib\\index.js"} {"metadata":{"emulator":{"name":"functions"},"message":"[runtime-status] [25068] Resolved module firebase-functions {\"declared\":true,\"installed\":true,\"version\":\"3.13.1\",\"resolution\":\"C:\\\\Users\\\\guayo\\\\code\\\\amazon-clone-react\\\\functions\\\\node_modules\\\\firebase-functions\\\\lib\\\\index.js\"}"}}
[debug] [2021-04-23T04:19:02.329Z] [runtime-status] [25068] Outgoing network have been stubbed. [{"name":"http","status":"mocked"},{"name":"http","status":"mocked"},{"name":"https","status":"mocked"},{"name":"https","status":"mocked"},{"name":"net","status":"mocked"}] {"metadata":{"emulator":{"name":"functions"},"message":"[runtime-status] [25068] Outgoing network have been stubbed. [{\"name\":\"http\",\"status\":\"mocked\"},{\"name\":\"http\",\"status\":\"mocked\"},{\"name\":\"https\",\"status\":\"mocked\"},{\"name\":\"https\",\"status\":\"mocked\"},{\"name\":\"net\",\"status\":\"mocked\"}]"}}
[debug] [2021-04-23T04:19:02.330Z] [runtime-status] [25068] Resolved module firebase-functions {"declared":true,"installed":true,"version":"3.13.1","resolution":"C:\\Users\\guayo\\code\\amazon-clone-react\\functions\\node_modules\\firebase-functions\\lib\\index.js"} {"metadata":{"emulator":{"name":"functions"},"message":"[runtime-status] [25068] Resolved module firebase-functions {\"declared\":true,\"installed\":true,\"version\":\"3.13.1\",\"resolution\":\"C:\\\\Users\\\\guayo\\\\code\\\\amazon-clone-react\\\\functions\\\\node_modules\\\\firebase-functions\\\\lib\\\\index.js\"}"}}
[debug] [2021-04-23T04:19:03.570Z] [runtime-status] [25068] Checked functions.config() {"config":{}} {"metadata":{"emulator":{"name":"functions"},"message":"[runtime-status] [25068] Checked functions.config() {\"config\":{}}"}}
[debug] [2021-04-23T04:19:03.571Z] [runtime-status] [25068] firebase-functions has been stubbed. {"functionsResolution":{"declared":true,"installed":true,"version":"3.13.1","resolution":"C:\\Users\\guayo\\code\\amazon-clone-react\\functions\\node_modules\\firebase-functions\\lib\\index.js"}} {"metadata":{"emulator":{"name":"functions"},"message":"[runtime-status] [25068] firebase-functions has been stubbed. {\"functionsResolution\":{\"declared\":true,\"installed\":true,\"version\":\"3.13.1\",\"resolution\":\"C:\\\\Users\\\\guayo\\\\code\\\\amazon-clone-react\\\\functions\\\\node_modules\\\\firebase-functions\\\\lib\\\\index.js\"}}"}}
[debug] [2021-04-23T04:19:03.572Z] [runtime-status] [25068] Resolved module firebase-functions {"declared":true,"installed":true,"version":"3.13.1","resolution":"C:\\Users\\guayo\\code\\amazon-clone-react\\functions\\node_modules\\firebase-functions\\lib\\index.js"} {"metadata":{"emulator":{"name":"functions"},"message":"[runtime-status] [25068] Resolved module firebase-functions {\"declared\":true,\"installed\":true,\"version\":\"3.13.1\",\"resolution\":\"C:\\\\Users\\\\guayo\\\\code\\\\amazon-clone-react\\\\functions\\\\node_modules\\\\firebase-functions\\\\lib\\\\index.js\"}"}}
[debug] [2021-04-23T04:19:03.574Z] [runtime-status] [25068] Resolved module firebase-admin {"declared":true,"installed":true,"version":"9.4.2","resolution":"C:\\Users\\guayo\\code\\amazon-clone-react\\functions\\node_modules\\firebase-admin\\lib\\index.js"} {"metadata":{"emulator":{"name":"functions"},"message":"[runtime-status] [25068] Resolved module firebase-admin {\"declared\":true,\"installed\":true,\"version\":\"9.4.2\",\"resolution\":\"C:\\\\Users\\\\guayo\\\\code\\\\amazon-clone-react\\\\functions\\\\node_modules\\\\firebase-admin\\\\lib\\\\index.js\"}"}}
[debug] [2021-04-23T04:19:03.574Z] [runtime-status] [25068] Resolved module firebase-functions {"declared":true,"installed":true,"version":"3.13.1","resolution":"C:\\Users\\guayo\\code\\amazon-clone-react\\functions\\node_modules\\firebase-functions\\lib\\index.js"} {"metadata":{"emulator":{"name":"functions"},"message":"[runtime-status] [25068] Resolved module firebase-functions {\"declared\":true,\"installed\":true,\"version\":\"3.13.1\",\"resolution\":\"C:\\\\Users\\\\guayo\\\\code\\\\amazon-clone-react\\\\functions\\\\node_modules\\\\firebase-functions\\\\lib\\\\index.js\"}"}}
[debug] [2021-04-23T04:19:03.575Z] [runtime-status] [25068] firebase-admin has been stubbed. {"adminResolution":{"declared":true,"installed":true,"version":"9.4.2","resolution":"C:\\Users\\guayo\\code\\amazon-clone-react\\functions\\node_modules\\firebase-admin\\lib\\index.js"}} {"metadata":{"emulator":{"name":"functions"},"message":"[runtime-status] [25068] firebase-admin has been stubbed. {\"adminResolution\":{\"declared\":true,\"installed\":true,\"version\":\"9.4.2\",\"resolution\":\"C:\\\\Users\\\\guayo\\\\code\\\\amazon-clone-react\\\\functions\\\\node_modules\\\\firebase-admin\\\\lib\\\\index.js\"}}"}}
[info] +  functions[api]: http function initialized (http://localhost:5001/clone-4aa3d/us-central1/api). {"metadata":{"emulator":{"name":"functions"},"message":"\u001b[1mhttp\u001b[22m function initialized (http://localhost:5001/clone-4aa3d/us-central1/api)."}}
[info] 
┌─────────────────────────────────────────────────────────────┐
│ ✔  All emulators ready! It is now safe to connect your app. │
│ i  View Emulator UI at http://localhost:4000                │
└─────────────────────────────────────────────────────────────┘

┌───────────┬────────────────┬─────────────────────────────────┐
│ Emulator  │ Host:Port      │ View in Emulator UI             │
├───────────┼────────────────┼─────────────────────────────────┤
│ Functions │ localhost:5001 │ http://localhost:4000/functions │
├───────────┼────────────────┼─────────────────────────────────┤
│ Hosting   │ localhost:5000 │ n/a                             │
└───────────┴────────────────┴─────────────────────────────────┘
  Emulator Hub running at localhost:4400
  Other reserved ports: 4500

Issues? Report them at https://github.com/firebase/firebase-tools/issues and attach the *-debug.log files.
 
[debug] [2021-04-23T04:19:09.021Z] [worker-~diagnostic~-d962424b-52a9-4814-b3f6-60893fc04d13]: IDLE {"metadata":{"emulator":{"name":"functions"},"message":"[worker-~diagnostic~-d962424b-52a9-4814-b3f6-60893fc04d13]: IDLE"}}
[debug] [2021-04-23T04:21:13.571Z] [work-queue] {"queueLength":1,"workRunningCount":0}
[debug] [2021-04-23T04:21:13.572Z] [work-queue] {"queueLength":0,"workRunningCount":1}
[debug] [2021-04-23T04:21:13.573Z] Accepted request POST /clone-4aa3d/us-central1/api/payments/create?total=23900 --> api
[debug] [2021-04-23T04:21:13.581Z] [worker-pool] addWorker(api) {"metadata":{"emulator":{"name":"functions"},"message":"[worker-pool] addWorker(api)"}}
[debug] [2021-04-23T04:21:13.582Z] [worker-pool] Adding worker with key api, total=1 {"metadata":{"emulator":{"name":"functions"},"message":"[worker-pool] Adding worker with key api, total=1"}}
[debug] [2021-04-23T04:21:13.582Z] [worker-pool] submitWork(triggerId=api) {"metadata":{"emulator":{"name":"functions"},"message":"[worker-pool] submitWork(triggerId=api)"}}
[debug] [2021-04-23T04:21:13.582Z] [worker-api-c0f71dda-5127-472b-9245-b1a47c71c6df]: Assigning socketPath: \\?\pipe\C:\Users\guayo\code\amazon-clone-react\functions\15804 {"metadata":{"emulator":{"name":"functions"},"message":"[worker-api-c0f71dda-5127-472b-9245-b1a47c71c6df]: Assigning socketPath: \\\\?\\pipe\\C:\\Users\\guayo\\code\\amazon-clone-react\\functions\\15804"}}
[debug] [2021-04-23T04:21:13.583Z] [worker-api-c0f71dda-5127-472b-9245-b1a47c71c6df]: BUSY {"metadata":{"emulator":{"name":"functions"},"message":"[worker-api-c0f71dda-5127-472b-9245-b1a47c71c6df]: BUSY"}}
[debug] [2021-04-23T04:21:14.115Z] [runtime-status] [15804] Functions runtime initialized. {"cwd":"C:\\Users\\guayo\\code\\amazon-clone-react\\functions","node_version":"10.15.3"} {"metadata":{"emulator":{"name":"functions"},"function":{"name":"api"},"message":"[runtime-status] [15804] Functions runtime initialized. {\"cwd\":\"C:\\\\Users\\\\guayo\\\\code\\\\amazon-clone-react\\\\functions\",\"node_version\":\"10.15.3\"}"}}
[debug] [2021-04-23T04:21:14.120Z] [runtime-status] [15804] Disabled runtime features: undefined {"metadata":{"emulator":{"name":"functions"},"function":{"name":"api"},"message":"[runtime-status] [15804] Disabled runtime features: undefined"}}
[debug] [2021-04-23T04:21:14.129Z] [runtime-status] [15804] Resolved module firebase-admin {"declared":true,"installed":true,"version":"9.4.2","resolution":"C:\\Users\\guayo\\code\\amazon-clone-react\\functions\\node_modules\\firebase-admin\\lib\\index.js"} {"metadata":{"emulator":{"name":"functions"},"function":{"name":"api"},"message":"[runtime-status] [15804] Resolved module firebase-admin {\"declared\":true,\"installed\":true,\"version\":\"9.4.2\",\"resolution\":\"C:\\\\Users\\\\guayo\\\\code\\\\amazon-clone-react\\\\functions\\\\node_modules\\\\firebase-admin\\\\lib\\\\index.js\"}"}}
[debug] [2021-04-23T04:21:14.133Z] [runtime-status] [15804] Resolved module firebase-functions {"declared":true,"installed":true,"version":"3.13.1","resolution":"C:\\Users\\guayo\\code\\amazon-clone-react\\functions\\node_modules\\firebase-functions\\lib\\index.js"} {"metadata":{"emulator":{"name":"functions"},"function":{"name":"api"},"message":"[runtime-status] [15804] Resolved module firebase-functions {\"declared\":true,\"installed\":true,\"version\":\"3.13.1\",\"resolution\":\"C:\\\\Users\\\\guayo\\\\code\\\\amazon-clone-react\\\\functions\\\\node_modules\\\\firebase-functions\\\\lib\\\\index.js\"}"}}
[debug] [2021-04-23T04:21:14.137Z] [runtime-status] [15804] Resolved module firebase-functions {"declared":true,"installed":true,"version":"3.13.1","resolution":"C:\\Users\\guayo\\code\\amazon-clone-react\\functions\\node_modules\\firebase-functions\\lib\\index.js"} {"metadata":{"emulator":{"name":"functions"},"function":{"name":"api"},"message":"[runtime-status] [15804] Resolved module firebase-functions {\"declared\":true,\"installed\":true,\"version\":\"3.13.1\",\"resolution\":\"C:\\\\Users\\\\guayo\\\\code\\\\amazon-clone-react\\\\functions\\\\node_modules\\\\firebase-functions\\\\lib\\\\index.js\"}"}}
[debug] [2021-04-23T04:21:14.142Z] [runtime-status] [15804] Outgoing network have been stubbed. [{"name":"http","status":"mocked"},{"name":"http","status":"mocked"},{"name":"https","status":"mocked"},{"name":"https","status":"mocked"},{"name":"net","status":"mocked"}] {"metadata":{"emulator":{"name":"functions"},"function":{"name":"api"},"message":"[runtime-status] [15804] Outgoing network have been stubbed. [{\"name\":\"http\",\"status\":\"mocked\"},{\"name\":\"http\",\"status\":\"mocked\"},{\"name\":\"https\",\"status\":\"mocked\"},{\"name\":\"https\",\"status\":\"mocked\"},{\"name\":\"net\",\"status\":\"mocked\"}]"}}
[debug] [2021-04-23T04:21:14.143Z] [runtime-status] [15804] Resolved module firebase-functions {"declared":true,"installed":true,"version":"3.13.1","resolution":"C:\\Users\\guayo\\code\\amazon-clone-react\\functions\\node_modules\\firebase-functions\\lib\\index.js"} {"metadata":{"emulator":{"name":"functions"},"function":{"name":"api"},"message":"[runtime-status] [15804] Resolved module firebase-functions {\"declared\":true,\"installed\":true,\"version\":\"3.13.1\",\"resolution\":\"C:\\\\Users\\\\guayo\\\\code\\\\amazon-clone-react\\\\functions\\\\node_modules\\\\firebase-functions\\\\lib\\\\index.js\"}"}}
[debug] [2021-04-23T04:21:14.246Z] [runtime-status] [15804] Checked functions.config() {"config":{}} {"metadata":{"emulator":{"name":"functions"},"function":{"name":"api"},"message":"[runtime-status] [15804] Checked functions.config() {\"config\":{}}"}}
[debug] [2021-04-23T04:21:14.247Z] [runtime-status] [15804] firebase-functions has been stubbed. {"functionsResolution":{"declared":true,"installed":true,"version":"3.13.1","resolution":"C:\\Users\\guayo\\code\\amazon-clone-react\\functions\\node_modules\\firebase-functions\\lib\\index.js"}} {"metadata":{"emulator":{"name":"functions"},"function":{"name":"api"},"message":"[runtime-status] [15804] firebase-functions has been stubbed. {\"functionsResolution\":{\"declared\":true,\"installed\":true,\"version\":\"3.13.1\",\"resolution\":\"C:\\\\Users\\\\guayo\\\\code\\\\amazon-clone-react\\\\functions\\\\node_modules\\\\firebase-functions\\\\lib\\\\index.js\"}}"}}
[debug] [2021-04-23T04:21:14.248Z] [runtime-status] [15804] Resolved module firebase-functions {"declared":true,"installed":true,"version":"3.13.1","resolution":"C:\\Users\\guayo\\code\\amazon-clone-react\\functions\\node_modules\\firebase-functions\\lib\\index.js"} {"metadata":{"emulator":{"name":"functions"},"function":{"name":"api"},"message":"[runtime-status] [15804] Resolved module firebase-functions {\"declared\":true,\"installed\":true,\"version\":\"3.13.1\",\"resolution\":\"C:\\\\Users\\\\guayo\\\\code\\\\amazon-clone-react\\\\functions\\\\node_modules\\\\firebase-functions\\\\lib\\\\index.js\"}"}}
[debug] [2021-04-23T04:21:14.250Z] [runtime-status] [15804] Resolved module firebase-admin {"declared":true,"installed":true,"version":"9.4.2","resolution":"C:\\Users\\guayo\\code\\amazon-clone-react\\functions\\node_modules\\firebase-admin\\lib\\index.js"} {"metadata":{"emulator":{"name":"functions"},"function":{"name":"api"},"message":"[runtime-status] [15804] Resolved module firebase-admin {\"declared\":true,\"installed\":true,\"version\":\"9.4.2\",\"resolution\":\"C:\\\\Users\\\\guayo\\\\code\\\\amazon-clone-react\\\\functions\\\\node_modules\\\\firebase-admin\\\\lib\\\\index.js\"}"}}
[debug] [2021-04-23T04:21:14.252Z] [runtime-status] [15804] Resolved module firebase-functions {"declared":true,"installed":true,"version":"3.13.1","resolution":"C:\\Users\\guayo\\code\\amazon-clone-react\\functions\\node_modules\\firebase-functions\\lib\\index.js"} {"metadata":{"emulator":{"name":"functions"},"function":{"name":"api"},"message":"[runtime-status] [15804] Resolved module firebase-functions {\"declared\":true,\"installed\":true,\"version\":\"3.13.1\",\"resolution\":\"C:\\\\Users\\\\guayo\\\\code\\\\amazon-clone-react\\\\functions\\\\node_modules\\\\firebase-functions\\\\lib\\\\index.js\"}"}}
[debug] [2021-04-23T04:21:14.252Z] [runtime-status] [15804] firebase-admin has been stubbed. {"adminResolution":{"declared":true,"installed":true,"version":"9.4.2","resolution":"C:\\Users\\guayo\\code\\amazon-clone-react\\functions\\node_modules\\firebase-admin\\lib\\index.js"}} {"metadata":{"emulator":{"name":"functions"},"function":{"name":"api"},"message":"[runtime-status] [15804] firebase-admin has been stubbed. {\"adminResolution\":{\"declared\":true,\"installed\":true,\"version\":\"9.4.2\",\"resolution\":\"C:\\\\Users\\\\guayo\\\\code\\\\amazon-clone-react\\\\functions\\\\node_modules\\\\firebase-admin\\\\lib\\\\index.js\"}}"}}
[debug] [2021-04-23T04:21:14.537Z] [runtime-status] [15804] Trigger "api" has been found, beginning invocation! {"metadata":{"emulator":{"name":"functions"},"function":{"name":"api"},"message":"[runtime-status] [15804] Trigger \"api\" has been found, beginning invocation!"}}
[info] i  functions: Beginning execution of "api" {"metadata":{"emulator":{"name":"functions"},"function":{"name":"api"},"message":"Beginning execution of \"api\""}}
[debug] [2021-04-23T04:21:14.540Z] [runtime-status] [15804] triggerDefinition {"httpsTrigger":{},"name":"api","entryPoint":"api"} {"metadata":{"emulator":{"name":"functions"},"function":{"name":"api"},"message":"[runtime-status] [15804] triggerDefinition {\"httpsTrigger\":{},\"name\":\"api\",\"entryPoint\":\"api\"}"}}
[debug] [2021-04-23T04:21:14.540Z] [runtime-status] [15804] Running api in mode HTTPS {"metadata":{"emulator":{"name":"functions"},"function":{"name":"api"},"message":"[runtime-status] [15804] Running api in mode HTTPS"}}
[debug] [2021-04-23T04:21:14.563Z] [runtime-status] [15804] Attempting to listen to socketPath: \\?\pipe\C:\Users\guayo\code\amazon-clone-react\functions\15804 {"metadata":{"emulator":{"name":"functions"},"function":{"name":"api"},"message":"[runtime-status] [15804] Attempting to listen to socketPath: \\\\?\\pipe\\C:\\Users\\guayo\\code\\amazon-clone-react\\functions\\15804"}}
[debug] [2021-04-23T04:21:14.574Z] [functions] Runtime ready! Sending request! {"metadata":{"emulator":{"name":"functions"},"message":"[functions] Runtime ready! Sending request!"}}
[debug] [2021-04-23T04:21:14.576Z] [functions] Got req.url=/clone-4aa3d/us-central1/api/payments/create?total=23900, mapping to path=/payments/create?total=23900 {"metadata":{"emulator":{"name":"functions"},"message":"[functions] Got req.url=/clone-4aa3d/us-central1/api/payments/create?total=23900, mapping to path=/payments/create?total=23900"}}
[debug] [2021-04-23T04:21:14.595Z] [runtime-status] [15804] Ephemeral server handling POST request {"metadata":{"emulator":{"name":"functions"},"function":{"name":"api"},"message":"[runtime-status] [15804] Ephemeral server handling POST request"}}
[info] >  payment received 23900 {"user":"payment received 23900","metadata":{"emulator":{"name":"functions"},"function":{"name":"api"},"message":"\u001b[90m> \u001b[39m payment received 23900"}}
[debug] [2021-04-23T04:21:14.621Z] [runtime-status] [15804] Ephemeral server survived. {"metadata":{"emulator":{"name":"functions"},"function":{"name":"api"},"message":"[runtime-status] [15804] Ephemeral server survived."}}
[info] i  functions: Finished "api" in ~1s {"metadata":{"emulator":{"name":"functions"},"function":{"name":"api"},"message":"Finished \"api\" in ~1s"}}
[debug] [2021-04-23T04:21:15.145Z] [worker-api-c0f71dda-5127-472b-9245-b1a47c71c6df]: IDLE {"metadata":{"emulator":{"name":"functions"},"message":"[worker-api-c0f71dda-5127-472b-9245-b1a47c71c6df]: IDLE"}}
[debug] [2021-04-23T04:21:15.145Z] [work-queue] {"queueLength":0,"workRunningCount":0}
