[debug] [2021-01-27T04:07:38.019Z] ----------------------------------------------------------------------
[debug] [2021-01-27T04:07:38.022Z] Command:       C:\Program Files\nodejs\node.exe C:\Users\guayo\AppData\Roaming\npm\node_modules\firebase-tools\lib\bin\firebase.js emulators:start
[debug] [2021-01-27T04:07:38.022Z] CLI Version:   9.0.1
[debug] [2021-01-27T04:07:38.022Z] Platform:      win32
[debug] [2021-01-27T04:07:38.022Z] Node Version:  v10.15.3
[debug] [2021-01-27T04:07:38.024Z] Time:          Tue Jan 26 2021 20:07:38 GMT-0800 (Pacific Standard Time)
[debug] [2021-01-27T04:07:38.024Z] ----------------------------------------------------------------------
[debug] [2021-01-27T04:07:38.024Z] 
[debug] [2021-01-27T04:07:38.037Z] > command requires scopes: ["email","openid","https://www.googleapis.com/auth/cloudplatformprojects.readonly","https://www.googleapis.com/auth/firebase","https://www.googleapis.com/auth/cloud-platform"]
[debug] [2021-01-27T04:07:38.037Z] > authorizing via signed-in user
[info] i  emulators: Starting emulators: functions, hosting {"metadata":{"emulator":{"name":"hub"},"message":"Starting emulators: functions, hosting"}}
[warn] !  emulators: It seems that you are running multiple instances of the emulator suite for project clone-4aa3d. This may result in unexpected behavior. 
[debug] [2021-01-27T04:07:40.141Z] [hub] writing locator at C:\Users\guayo\AppData\Local\Temp\hub-clone-4aa3d.json
[warn] !  functions: The following emulators are not running, calls to these services from the Functions emulator will affect production: auth, firestore, database, pubsub {"metadata":{"emulator":{"name":"functions"},"message":"The following emulators are not running, calls to these services from the Functions emulator will affect production: \u001b[1mauth, firestore, database, pubsub\u001b[22m"}}
[warn] !  Your requested "node" version "12" doesn't match your global version "10" {"metadata":{"emulator":{"name":"functions"},"message":"Your requested \"node\" version \"12\" doesn't match your global version \"10\""}}
[debug] [2021-01-27T04:07:42.232Z] defaultcredentials: writing to file C:\Users\guayo\AppData\Roaming\firebase\grlara9_gmail_com_application_default_credentials.json
[debug] [2021-01-27T04:07:42.237Z] Setting GAC to C:\Users\guayo\AppData\Roaming\firebase\grlara9_gmail_com_application_default_credentials.json {"metadata":{"emulator":{"name":"functions"},"message":"Setting GAC to C:\\Users\\guayo\\AppData\\Roaming\\firebase\\grlara9_gmail_com_application_default_credentials.json"}}
[debug] [2021-01-27T04:07:44.279Z] >>> HTTP REQUEST GET https://firebase.googleapis.com/v1beta1/projects/clone-4aa3d/webApps/-/config  
 
[debug] [2021-01-27T04:07:44.789Z] <<< HTTP RESPONSE 200 {"content-type":"application/json; charset=UTF-8","vary":"X-Origin, Referer, Origin,Accept-Encoding","date":"Wed, 27 Jan 2021 04:07:45 GMT","server":"ESF","cache-control":"private","x-xss-protection":"0","x-frame-options":"SAMEORIGIN","x-content-type-options":"nosniff","alt-svc":"h3-29=\":443\"; ma=2592000,h3-T051=\":443\"; ma=2592000,h3-Q050=\":443\"; ma=2592000,h3-Q046=\":443\"; ma=2592000,h3-Q043=\":443\"; ma=2592000,quic=\":443\"; ma=2592000; v=\"46,43\"","accept-ranges":"none","transfer-encoding":"chunked"}
[info] i  hosting: Serving hosting files from: build {"metadata":{"emulator":{"name":"hosting"},"message":"Serving hosting files from: \u001b[1mbuild\u001b[22m"}}
[info] +  hosting: Local server: http://localhost:5000 {"metadata":{"emulator":{"name":"hosting"},"message":"Local server: \u001b[4m\u001b[1mhttp://localhost:5000\u001b[22m\u001b[24m"}}
[warn] !  ui: Emulator UI unable to start on port 4000, starting on 4001 instead. {"metadata":{"emulator":{"name":"ui"},"message":"Emulator UI unable to start on port 4000, starting on 4001 instead."}}
[debug] [2021-01-27T04:07:47.057Z] Ignoring unsupported arg: auto_download {"metadata":{"emulator":{"name":"ui"},"message":"Ignoring unsupported arg: auto_download"}}
[debug] [2021-01-27T04:07:47.057Z] Ignoring unsupported arg: port {"metadata":{"emulator":{"name":"ui"},"message":"Ignoring unsupported arg: port"}}
[debug] [2021-01-27T04:07:47.057Z] Starting Emulator UI with command {"binary":"node","args":["C:\\Users\\guayo\\.cache\\firebase\\emulators\\ui-v1.4.0\\server.bundle.js"],"optionalArgs":[],"joinArgs":false} {"metadata":{"emulator":{"name":"ui"},"message":"Starting Emulator UI with command {\"binary\":\"node\",\"args\":[\"C:\\\\Users\\\\guayo\\\\.cache\\\\firebase\\\\emulators\\\\ui-v1.4.0\\\\server.bundle.js\"],\"optionalArgs\":[],\"joinArgs\":false}"}}
[info] i  ui: Emulator UI logging to ui-debug.log {"metadata":{"emulator":{"name":"ui"},"message":"Emulator UI logging to \u001b[1mui-debug.log\u001b[22m"}}
[debug] [2021-01-27T04:07:47.406Z] Web / API server started at http://localhost:4001
 {"metadata":{"emulator":{"name":"ui"},"message":"Web / API server started at http://localhost:4001\n"}}
[info] i  functions: Watching "C:\Users\guayo\code\amazon-clone-react\functions" for Cloud Functions... {"metadata":{"emulator":{"name":"functions"},"message":"Watching \"C:\\Users\\guayo\\code\\amazon-clone-react\\functions\" for Cloud Functions..."}}
[debug] [2021-01-27T04:07:47.732Z] [worker-pool] addWorker(~diagnostic~) {"metadata":{"emulator":{"name":"functions"},"message":"[worker-pool] addWorker(~diagnostic~)"}}
[debug] [2021-01-27T04:07:47.734Z] [worker-pool] Adding worker with key ~diagnostic~, total=1 {"metadata":{"emulator":{"name":"functions"},"message":"[worker-pool] Adding worker with key ~diagnostic~, total=1"}}
[debug] [2021-01-27T04:07:47.735Z] [worker-pool] submitWork(triggerId=) {"metadata":{"emulator":{"name":"functions"},"message":"[worker-pool] submitWork(triggerId=)"}}
[debug] [2021-01-27T04:07:47.736Z] [worker-~diagnostic~-758a9057-2112-4a2a-8afd-8a1f05621b8a]: Assigning socketPath: \\?\pipe\C:\Users\guayo\code\amazon-clone-react\functions\11696 {"metadata":{"emulator":{"name":"functions"},"message":"[worker-~diagnostic~-758a9057-2112-4a2a-8afd-8a1f05621b8a]: Assigning socketPath: \\\\?\\pipe\\C:\\Users\\guayo\\code\\amazon-clone-react\\functions\\11696"}}
[debug] [2021-01-27T04:07:47.736Z] [worker-~diagnostic~-758a9057-2112-4a2a-8afd-8a1f05621b8a]: BUSY {"metadata":{"emulator":{"name":"functions"},"message":"[worker-~diagnostic~-758a9057-2112-4a2a-8afd-8a1f05621b8a]: BUSY"}}
[debug] [2021-01-27T04:07:48.399Z] [runtime-status] [11696] Functions runtime initialized. {"cwd":"C:\\Users\\guayo\\code\\amazon-clone-react\\functions","node_version":"10.15.3"} {"metadata":{"emulator":{"name":"functions"},"message":"[runtime-status] [11696] Functions runtime initialized. {\"cwd\":\"C:\\\\Users\\\\guayo\\\\code\\\\amazon-clone-react\\\\functions\",\"node_version\":\"10.15.3\"}"}}
[debug] [2021-01-27T04:07:48.402Z] [runtime-status] [11696] Disabled runtime features: undefined {"metadata":{"emulator":{"name":"functions"},"message":"[runtime-status] [11696] Disabled runtime features: undefined"}}
[debug] [2021-01-27T04:07:48.411Z] [runtime-status] [11696] Resolved module firebase-admin {"declared":true,"installed":true,"version":"9.4.2","resolution":"C:\\Users\\guayo\\code\\amazon-clone-react\\functions\\node_modules\\firebase-admin\\lib\\index.js"} {"metadata":{"emulator":{"name":"functions"},"message":"[runtime-status] [11696] Resolved module firebase-admin {\"declared\":true,\"installed\":true,\"version\":\"9.4.2\",\"resolution\":\"C:\\\\Users\\\\guayo\\\\code\\\\amazon-clone-react\\\\functions\\\\node_modules\\\\firebase-admin\\\\lib\\\\index.js\"}"}}
[debug] [2021-01-27T04:07:48.414Z] [runtime-status] [11696] Resolved module firebase-functions {"declared":true,"installed":true,"version":"3.13.1","resolution":"C:\\Users\\guayo\\code\\amazon-clone-react\\functions\\node_modules\\firebase-functions\\lib\\index.js"} {"metadata":{"emulator":{"name":"functions"},"message":"[runtime-status] [11696] Resolved module firebase-functions {\"declared\":true,\"installed\":true,\"version\":\"3.13.1\",\"resolution\":\"C:\\\\Users\\\\guayo\\\\code\\\\amazon-clone-react\\\\functions\\\\node_modules\\\\firebase-functions\\\\lib\\\\index.js\"}"}}
[debug] [2021-01-27T04:07:48.415Z] [runtime-status] [11696] Resolved module firebase-functions {"declared":true,"installed":true,"version":"3.13.1","resolution":"C:\\Users\\guayo\\code\\amazon-clone-react\\functions\\node_modules\\firebase-functions\\lib\\index.js"} {"metadata":{"emulator":{"name":"functions"},"message":"[runtime-status] [11696] Resolved module firebase-functions {\"declared\":true,\"installed\":true,\"version\":\"3.13.1\",\"resolution\":\"C:\\\\Users\\\\guayo\\\\code\\\\amazon-clone-react\\\\functions\\\\node_modules\\\\firebase-functions\\\\lib\\\\index.js\"}"}}
[debug] [2021-01-27T04:07:48.421Z] [runtime-status] [11696] Outgoing network have been stubbed. [{"name":"http","status":"mocked"},{"name":"http","status":"mocked"},{"name":"https","status":"mocked"},{"name":"https","status":"mocked"},{"name":"net","status":"mocked"}] {"metadata":{"emulator":{"name":"functions"},"message":"[runtime-status] [11696] Outgoing network have been stubbed. [{\"name\":\"http\",\"status\":\"mocked\"},{\"name\":\"http\",\"status\":\"mocked\"},{\"name\":\"https\",\"status\":\"mocked\"},{\"name\":\"https\",\"status\":\"mocked\"},{\"name\":\"net\",\"status\":\"mocked\"}]"}}
[debug] [2021-01-27T04:07:48.421Z] [runtime-status] [11696] Resolved module firebase-functions {"declared":true,"installed":true,"version":"3.13.1","resolution":"C:\\Users\\guayo\\code\\amazon-clone-react\\functions\\node_modules\\firebase-functions\\lib\\index.js"} {"metadata":{"emulator":{"name":"functions"},"message":"[runtime-status] [11696] Resolved module firebase-functions {\"declared\":true,\"installed\":true,\"version\":\"3.13.1\",\"resolution\":\"C:\\\\Users\\\\guayo\\\\code\\\\amazon-clone-react\\\\functions\\\\node_modules\\\\firebase-functions\\\\lib\\\\index.js\"}"}}
[debug] [2021-01-27T04:07:48.502Z] [runtime-status] [11696] Checked functions.config() {"config":{}} {"metadata":{"emulator":{"name":"functions"},"message":"[runtime-status] [11696] Checked functions.config() {\"config\":{}}"}}
[debug] [2021-01-27T04:07:48.502Z] [runtime-status] [11696] firebase-functions has been stubbed. {"functionsResolution":{"declared":true,"installed":true,"version":"3.13.1","resolution":"C:\\Users\\guayo\\code\\amazon-clone-react\\functions\\node_modules\\firebase-functions\\lib\\index.js"}} {"metadata":{"emulator":{"name":"functions"},"message":"[runtime-status] [11696] firebase-functions has been stubbed. {\"functionsResolution\":{\"declared\":true,\"installed\":true,\"version\":\"3.13.1\",\"resolution\":\"C:\\\\Users\\\\guayo\\\\code\\\\amazon-clone-react\\\\functions\\\\node_modules\\\\firebase-functions\\\\lib\\\\index.js\"}}"}}
[debug] [2021-01-27T04:07:48.503Z] [runtime-status] [11696] Resolved module firebase-functions {"declared":true,"installed":true,"version":"3.13.1","resolution":"C:\\Users\\guayo\\code\\amazon-clone-react\\functions\\node_modules\\firebase-functions\\lib\\index.js"} {"metadata":{"emulator":{"name":"functions"},"message":"[runtime-status] [11696] Resolved module firebase-functions {\"declared\":true,\"installed\":true,\"version\":\"3.13.1\",\"resolution\":\"C:\\\\Users\\\\guayo\\\\code\\\\amazon-clone-react\\\\functions\\\\node_modules\\\\firebase-functions\\\\lib\\\\index.js\"}"}}
[debug] [2021-01-27T04:07:48.504Z] [runtime-status] [11696] Resolved module firebase-admin {"declared":true,"installed":true,"version":"9.4.2","resolution":"C:\\Users\\guayo\\code\\amazon-clone-react\\functions\\node_modules\\firebase-admin\\lib\\index.js"} {"metadata":{"emulator":{"name":"functions"},"message":"[runtime-status] [11696] Resolved module firebase-admin {\"declared\":true,\"installed\":true,\"version\":\"9.4.2\",\"resolution\":\"C:\\\\Users\\\\guayo\\\\code\\\\amazon-clone-react\\\\functions\\\\node_modules\\\\firebase-admin\\\\lib\\\\index.js\"}"}}
[debug] [2021-01-27T04:07:48.505Z] [runtime-status] [11696] Resolved module firebase-functions {"declared":true,"installed":true,"version":"3.13.1","resolution":"C:\\Users\\guayo\\code\\amazon-clone-react\\functions\\node_modules\\firebase-functions\\lib\\index.js"} {"metadata":{"emulator":{"name":"functions"},"message":"[runtime-status] [11696] Resolved module firebase-functions {\"declared\":true,\"installed\":true,\"version\":\"3.13.1\",\"resolution\":\"C:\\\\Users\\\\guayo\\\\code\\\\amazon-clone-react\\\\functions\\\\node_modules\\\\firebase-functions\\\\lib\\\\index.js\"}"}}
[debug] [2021-01-27T04:07:48.505Z] [runtime-status] [11696] firebase-admin has been stubbed. {"adminResolution":{"declared":true,"installed":true,"version":"9.4.2","resolution":"C:\\Users\\guayo\\code\\amazon-clone-react\\functions\\node_modules\\firebase-admin\\lib\\index.js"}} {"metadata":{"emulator":{"name":"functions"},"message":"[runtime-status] [11696] firebase-admin has been stubbed. {\"adminResolution\":{\"declared\":true,\"installed\":true,\"version\":\"9.4.2\",\"resolution\":\"C:\\\\Users\\\\guayo\\\\code\\\\amazon-clone-react\\\\functions\\\\node_modules\\\\firebase-admin\\\\lib\\\\index.js\"}}"}}
[info] +  functions[api]: http function initialized (http://localhost:5001/clone-4aa3d/us-central1/api). {"metadata":{"emulator":{"name":"functions"},"message":"\u001b[1mhttp\u001b[22m function initialized (http://localhost:5001/clone-4aa3d/us-central1/api)."}}
[info] 
┌─────────────────────────────────────────────────────────────┐
│ ✔  All emulators ready! It is now safe to connect your app. │
│ i  View Emulator UI at http://localhost:4001                │
└─────────────────────────────────────────────────────────────┘

┌───────────┬────────────────┬─────────────────────────────────┐
│ Emulator  │ Host:Port      │ View in Emulator UI             │
├───────────┼────────────────┼─────────────────────────────────┤
│ Functions │ localhost:5001 │ http://localhost:4001/functions │
├───────────┼────────────────┼─────────────────────────────────┤
│ Hosting   │ localhost:5000 │ n/a                             │
└───────────┴────────────────┴─────────────────────────────────┘
  Emulator Hub running at localhost:4400
  Other reserved ports: 4500

Issues? Report them at https://github.com/firebase/firebase-tools/issues and attach the *-debug.log files.
 
[debug] [2021-01-27T04:07:48.884Z] [worker-~diagnostic~-758a9057-2112-4a2a-8afd-8a1f05621b8a]: IDLE {"metadata":{"emulator":{"name":"functions"},"message":"[worker-~diagnostic~-758a9057-2112-4a2a-8afd-8a1f05621b8a]: IDLE"}}
[debug] [2021-01-27T04:13:22.028Z] File C:\Users\guayo\code\amazon-clone-react\functions\index.js changed, reloading triggers {"metadata":{"emulator":{"name":"functions"},"message":"File C:\\Users\\guayo\\code\\amazon-clone-react\\functions\\index.js changed, reloading triggers"}}
[debug] [2021-01-27T04:13:23.043Z] [worker-pool] Shutting down IDLE worker (~diagnostic~) {"metadata":{"emulator":{"name":"functions"},"message":"[worker-pool] Shutting down IDLE worker (~diagnostic~)"}}
[debug] [2021-01-27T04:13:23.043Z] [worker-~diagnostic~-758a9057-2112-4a2a-8afd-8a1f05621b8a]: FINISHING {"metadata":{"emulator":{"name":"functions"},"message":"[worker-~diagnostic~-758a9057-2112-4a2a-8afd-8a1f05621b8a]: FINISHING"}}
[debug] [2021-01-27T04:13:23.055Z] [worker-pool] addWorker(~diagnostic~) {"metadata":{"emulator":{"name":"functions"},"message":"[worker-pool] addWorker(~diagnostic~)"}}
[debug] [2021-01-27T04:13:23.056Z] [worker-pool] Adding worker with key ~diagnostic~, total=2 {"metadata":{"emulator":{"name":"functions"},"message":"[worker-pool] Adding worker with key ~diagnostic~, total=2"}}
[debug] [2021-01-27T04:13:23.057Z] [worker-pool] submitWork(triggerId=) {"metadata":{"emulator":{"name":"functions"},"message":"[worker-pool] submitWork(triggerId=)"}}
[debug] [2021-01-27T04:13:23.058Z] [worker-~diagnostic~-94a31a42-d609-4986-be23-f207abf54455]: Assigning socketPath: \\?\pipe\C:\Users\guayo\code\amazon-clone-react\functions\9668 {"metadata":{"emulator":{"name":"functions"},"message":"[worker-~diagnostic~-94a31a42-d609-4986-be23-f207abf54455]: Assigning socketPath: \\\\?\\pipe\\C:\\Users\\guayo\\code\\amazon-clone-react\\functions\\9668"}}
[debug] [2021-01-27T04:13:23.059Z] [worker-~diagnostic~-94a31a42-d609-4986-be23-f207abf54455]: BUSY {"metadata":{"emulator":{"name":"functions"},"message":"[worker-~diagnostic~-94a31a42-d609-4986-be23-f207abf54455]: BUSY"}}
[debug] [2021-01-27T04:13:23.062Z] [worker-~diagnostic~-758a9057-2112-4a2a-8afd-8a1f05621b8a]: exited {"metadata":{"emulator":{"name":"functions"},"message":"[worker-~diagnostic~-758a9057-2112-4a2a-8afd-8a1f05621b8a]: exited"}}
[debug] [2021-01-27T04:13:23.062Z] [worker-~diagnostic~-758a9057-2112-4a2a-8afd-8a1f05621b8a]: FINISHED {"metadata":{"emulator":{"name":"functions"},"message":"[worker-~diagnostic~-758a9057-2112-4a2a-8afd-8a1f05621b8a]: FINISHED"}}
[debug] [2021-01-27T04:13:24.380Z] [runtime-status] [9668] Functions runtime initialized. {"cwd":"C:\\Users\\guayo\\code\\amazon-clone-react\\functions","node_version":"10.15.3"} {"metadata":{"emulator":{"name":"functions"},"message":"[runtime-status] [9668] Functions runtime initialized. {\"cwd\":\"C:\\\\Users\\\\guayo\\\\code\\\\amazon-clone-react\\\\functions\",\"node_version\":\"10.15.3\"}"}}
[debug] [2021-01-27T04:13:24.387Z] [runtime-status] [9668] Disabled runtime features: undefined {"metadata":{"emulator":{"name":"functions"},"message":"[runtime-status] [9668] Disabled runtime features: undefined"}}
[debug] [2021-01-27T04:13:24.406Z] [runtime-status] [9668] Resolved module firebase-admin {"declared":true,"installed":true,"version":"9.4.2","resolution":"C:\\Users\\guayo\\code\\amazon-clone-react\\functions\\node_modules\\firebase-admin\\lib\\index.js"} {"metadata":{"emulator":{"name":"functions"},"message":"[runtime-status] [9668] Resolved module firebase-admin {\"declared\":true,\"installed\":true,\"version\":\"9.4.2\",\"resolution\":\"C:\\\\Users\\\\guayo\\\\code\\\\amazon-clone-react\\\\functions\\\\node_modules\\\\firebase-admin\\\\lib\\\\index.js\"}"}}
[debug] [2021-01-27T04:13:24.414Z] [runtime-status] [9668] Resolved module firebase-functions {"declared":true,"installed":true,"version":"3.13.1","resolution":"C:\\Users\\guayo\\code\\amazon-clone-react\\functions\\node_modules\\firebase-functions\\lib\\index.js"} {"metadata":{"emulator":{"name":"functions"},"message":"[runtime-status] [9668] Resolved module firebase-functions {\"declared\":true,\"installed\":true,\"version\":\"3.13.1\",\"resolution\":\"C:\\\\Users\\\\guayo\\\\code\\\\amazon-clone-react\\\\functions\\\\node_modules\\\\firebase-functions\\\\lib\\\\index.js\"}"}}
[debug] [2021-01-27T04:13:24.417Z] [runtime-status] [9668] Resolved module firebase-functions {"declared":true,"installed":true,"version":"3.13.1","resolution":"C:\\Users\\guayo\\code\\amazon-clone-react\\functions\\node_modules\\firebase-functions\\lib\\index.js"} {"metadata":{"emulator":{"name":"functions"},"message":"[runtime-status] [9668] Resolved module firebase-functions {\"declared\":true,\"installed\":true,\"version\":\"3.13.1\",\"resolution\":\"C:\\\\Users\\\\guayo\\\\code\\\\amazon-clone-react\\\\functions\\\\node_modules\\\\firebase-functions\\\\lib\\\\index.js\"}"}}
[debug] [2021-01-27T04:13:24.430Z] [runtime-status] [9668] Outgoing network have been stubbed. [{"name":"http","status":"mocked"},{"name":"http","status":"mocked"},{"name":"https","status":"mocked"},{"name":"https","status":"mocked"},{"name":"net","status":"mocked"}] {"metadata":{"emulator":{"name":"functions"},"message":"[runtime-status] [9668] Outgoing network have been stubbed. [{\"name\":\"http\",\"status\":\"mocked\"},{\"name\":\"http\",\"status\":\"mocked\"},{\"name\":\"https\",\"status\":\"mocked\"},{\"name\":\"https\",\"status\":\"mocked\"},{\"name\":\"net\",\"status\":\"mocked\"}]"}}
[debug] [2021-01-27T04:13:24.431Z] [runtime-status] [9668] Resolved module firebase-functions {"declared":true,"installed":true,"version":"3.13.1","resolution":"C:\\Users\\guayo\\code\\amazon-clone-react\\functions\\node_modules\\firebase-functions\\lib\\index.js"} {"metadata":{"emulator":{"name":"functions"},"message":"[runtime-status] [9668] Resolved module firebase-functions {\"declared\":true,\"installed\":true,\"version\":\"3.13.1\",\"resolution\":\"C:\\\\Users\\\\guayo\\\\code\\\\amazon-clone-react\\\\functions\\\\node_modules\\\\firebase-functions\\\\lib\\\\index.js\"}"}}
[debug] [2021-01-27T04:13:24.606Z] [runtime-status] [9668] Checked functions.config() {"config":{}} {"metadata":{"emulator":{"name":"functions"},"message":"[runtime-status] [9668] Checked functions.config() {\"config\":{}}"}}
[debug] [2021-01-27T04:13:24.608Z] [runtime-status] [9668] firebase-functions has been stubbed. {"functionsResolution":{"declared":true,"installed":true,"version":"3.13.1","resolution":"C:\\Users\\guayo\\code\\amazon-clone-react\\functions\\node_modules\\firebase-functions\\lib\\index.js"}} {"metadata":{"emulator":{"name":"functions"},"message":"[runtime-status] [9668] firebase-functions has been stubbed. {\"functionsResolution\":{\"declared\":true,\"installed\":true,\"version\":\"3.13.1\",\"resolution\":\"C:\\\\Users\\\\guayo\\\\code\\\\amazon-clone-react\\\\functions\\\\node_modules\\\\firebase-functions\\\\lib\\\\index.js\"}}"}}
[debug] [2021-01-27T04:13:24.611Z] [runtime-status] [9668] Resolved module firebase-functions {"declared":true,"installed":true,"version":"3.13.1","resolution":"C:\\Users\\guayo\\code\\amazon-clone-react\\functions\\node_modules\\firebase-functions\\lib\\index.js"} {"metadata":{"emulator":{"name":"functions"},"message":"[runtime-status] [9668] Resolved module firebase-functions {\"declared\":true,\"installed\":true,\"version\":\"3.13.1\",\"resolution\":\"C:\\\\Users\\\\guayo\\\\code\\\\amazon-clone-react\\\\functions\\\\node_modules\\\\firebase-functions\\\\lib\\\\index.js\"}"}}
[debug] [2021-01-27T04:13:24.614Z] [runtime-status] [9668] Resolved module firebase-admin {"declared":true,"installed":true,"version":"9.4.2","resolution":"C:\\Users\\guayo\\code\\amazon-clone-react\\functions\\node_modules\\firebase-admin\\lib\\index.js"} {"metadata":{"emulator":{"name":"functions"},"message":"[runtime-status] [9668] Resolved module firebase-admin {\"declared\":true,\"installed\":true,\"version\":\"9.4.2\",\"resolution\":\"C:\\\\Users\\\\guayo\\\\code\\\\amazon-clone-react\\\\functions\\\\node_modules\\\\firebase-admin\\\\lib\\\\index.js\"}"}}
[debug] [2021-01-27T04:13:24.616Z] [runtime-status] [9668] Resolved module firebase-functions {"declared":true,"installed":true,"version":"3.13.1","resolution":"C:\\Users\\guayo\\code\\amazon-clone-react\\functions\\node_modules\\firebase-functions\\lib\\index.js"} {"metadata":{"emulator":{"name":"functions"},"message":"[runtime-status] [9668] Resolved module firebase-functions {\"declared\":true,\"installed\":true,\"version\":\"3.13.1\",\"resolution\":\"C:\\\\Users\\\\guayo\\\\code\\\\amazon-clone-react\\\\functions\\\\node_modules\\\\firebase-functions\\\\lib\\\\index.js\"}"}}
[debug] [2021-01-27T04:13:24.616Z] [runtime-status] [9668] firebase-admin has been stubbed. {"adminResolution":{"declared":true,"installed":true,"version":"9.4.2","resolution":"C:\\Users\\guayo\\code\\amazon-clone-react\\functions\\node_modules\\firebase-admin\\lib\\index.js"}} {"metadata":{"emulator":{"name":"functions"},"message":"[runtime-status] [9668] firebase-admin has been stubbed. {\"adminResolution\":{\"declared\":true,\"installed\":true,\"version\":\"9.4.2\",\"resolution\":\"C:\\\\Users\\\\guayo\\\\code\\\\amazon-clone-react\\\\functions\\\\node_modules\\\\firebase-admin\\\\lib\\\\index.js\"}}"}}
[debug] [2021-01-27T04:13:25.054Z] [worker-~diagnostic~-94a31a42-d609-4986-be23-f207abf54455]: IDLE {"metadata":{"emulator":{"name":"functions"},"message":"[worker-~diagnostic~-94a31a42-d609-4986-be23-f207abf54455]: IDLE"}}
[debug] [2021-01-27T04:13:43.840Z] [work-queue] {"queueLength":1,"workRunningCount":0}
[debug] [2021-01-27T04:13:43.841Z] [work-queue] {"queueLength":0,"workRunningCount":1}
[debug] [2021-01-27T04:13:43.841Z] Accepted request GET /clone-4aa3d/us-central1/api --> api
[debug] [2021-01-27T04:13:43.842Z] [worker-pool] Cleaned up workers for ~diagnostic~: 2 --> 1 {"metadata":{"emulator":{"name":"functions"},"message":"[worker-pool] Cleaned up workers for ~diagnostic~: 2 --> 1"}}
[debug] [2021-01-27T04:13:43.848Z] [worker-pool] addWorker(api) {"metadata":{"emulator":{"name":"functions"},"message":"[worker-pool] addWorker(api)"}}
[debug] [2021-01-27T04:13:43.849Z] [worker-pool] Adding worker with key api, total=1 {"metadata":{"emulator":{"name":"functions"},"message":"[worker-pool] Adding worker with key api, total=1"}}
[debug] [2021-01-27T04:13:43.850Z] [worker-pool] submitWork(triggerId=api) {"metadata":{"emulator":{"name":"functions"},"message":"[worker-pool] submitWork(triggerId=api)"}}
[debug] [2021-01-27T04:13:43.850Z] [worker-api-6217fc99-df3d-4edb-b46a-2c5ee63eb036]: Assigning socketPath: \\?\pipe\C:\Users\guayo\code\amazon-clone-react\functions\11116 {"metadata":{"emulator":{"name":"functions"},"message":"[worker-api-6217fc99-df3d-4edb-b46a-2c5ee63eb036]: Assigning socketPath: \\\\?\\pipe\\C:\\Users\\guayo\\code\\amazon-clone-react\\functions\\11116"}}
[debug] [2021-01-27T04:13:43.850Z] [worker-api-6217fc99-df3d-4edb-b46a-2c5ee63eb036]: BUSY {"metadata":{"emulator":{"name":"functions"},"message":"[worker-api-6217fc99-df3d-4edb-b46a-2c5ee63eb036]: BUSY"}}
[debug] [2021-01-27T04:13:44.872Z] [runtime-status] [11116] Functions runtime initialized. {"cwd":"C:\\Users\\guayo\\code\\amazon-clone-react\\functions","node_version":"10.15.3"} {"metadata":{"emulator":{"name":"functions"},"function":{"name":"api"},"message":"[runtime-status] [11116] Functions runtime initialized. {\"cwd\":\"C:\\\\Users\\\\guayo\\\\code\\\\amazon-clone-react\\\\functions\",\"node_version\":\"10.15.3\"}"}}
[debug] [2021-01-27T04:13:44.878Z] [runtime-status] [11116] Disabled runtime features: undefined {"metadata":{"emulator":{"name":"functions"},"function":{"name":"api"},"message":"[runtime-status] [11116] Disabled runtime features: undefined"}}
[debug] [2021-01-27T04:13:44.890Z] [runtime-status] [11116] Resolved module firebase-admin {"declared":true,"installed":true,"version":"9.4.2","resolution":"C:\\Users\\guayo\\code\\amazon-clone-react\\functions\\node_modules\\firebase-admin\\lib\\index.js"} {"metadata":{"emulator":{"name":"functions"},"function":{"name":"api"},"message":"[runtime-status] [11116] Resolved module firebase-admin {\"declared\":true,\"installed\":true,\"version\":\"9.4.2\",\"resolution\":\"C:\\\\Users\\\\guayo\\\\code\\\\amazon-clone-react\\\\functions\\\\node_modules\\\\firebase-admin\\\\lib\\\\index.js\"}"}}
[debug] [2021-01-27T04:13:44.894Z] [runtime-status] [11116] Resolved module firebase-functions {"declared":true,"installed":true,"version":"3.13.1","resolution":"C:\\Users\\guayo\\code\\amazon-clone-react\\functions\\node_modules\\firebase-functions\\lib\\index.js"} {"metadata":{"emulator":{"name":"functions"},"function":{"name":"api"},"message":"[runtime-status] [11116] Resolved module firebase-functions {\"declared\":true,\"installed\":true,\"version\":\"3.13.1\",\"resolution\":\"C:\\\\Users\\\\guayo\\\\code\\\\amazon-clone-react\\\\functions\\\\node_modules\\\\firebase-functions\\\\lib\\\\index.js\"}"}}
[debug] [2021-01-27T04:13:44.896Z] [runtime-status] [11116] Resolved module firebase-functions {"declared":true,"installed":true,"version":"3.13.1","resolution":"C:\\Users\\guayo\\code\\amazon-clone-react\\functions\\node_modules\\firebase-functions\\lib\\index.js"} {"metadata":{"emulator":{"name":"functions"},"function":{"name":"api"},"message":"[runtime-status] [11116] Resolved module firebase-functions {\"declared\":true,\"installed\":true,\"version\":\"3.13.1\",\"resolution\":\"C:\\\\Users\\\\guayo\\\\code\\\\amazon-clone-react\\\\functions\\\\node_modules\\\\firebase-functions\\\\lib\\\\index.js\"}"}}
[debug] [2021-01-27T04:13:44.906Z] [runtime-status] [11116] Outgoing network have been stubbed. [{"name":"http","status":"mocked"},{"name":"http","status":"mocked"},{"name":"https","status":"mocked"},{"name":"https","status":"mocked"},{"name":"net","status":"mocked"}] {"metadata":{"emulator":{"name":"functions"},"function":{"name":"api"},"message":"[runtime-status] [11116] Outgoing network have been stubbed. [{\"name\":\"http\",\"status\":\"mocked\"},{\"name\":\"http\",\"status\":\"mocked\"},{\"name\":\"https\",\"status\":\"mocked\"},{\"name\":\"https\",\"status\":\"mocked\"},{\"name\":\"net\",\"status\":\"mocked\"}]"}}
[debug] [2021-01-27T04:13:44.908Z] [runtime-status] [11116] Resolved module firebase-functions {"declared":true,"installed":true,"version":"3.13.1","resolution":"C:\\Users\\guayo\\code\\amazon-clone-react\\functions\\node_modules\\firebase-functions\\lib\\index.js"} {"metadata":{"emulator":{"name":"functions"},"function":{"name":"api"},"message":"[runtime-status] [11116] Resolved module firebase-functions {\"declared\":true,\"installed\":true,\"version\":\"3.13.1\",\"resolution\":\"C:\\\\Users\\\\guayo\\\\code\\\\amazon-clone-react\\\\functions\\\\node_modules\\\\firebase-functions\\\\lib\\\\index.js\"}"}}
[debug] [2021-01-27T04:13:45.053Z] [runtime-status] [11116] Checked functions.config() {"config":{}} {"metadata":{"emulator":{"name":"functions"},"function":{"name":"api"},"message":"[runtime-status] [11116] Checked functions.config() {\"config\":{}}"}}
[debug] [2021-01-27T04:13:45.054Z] [runtime-status] [11116] firebase-functions has been stubbed. {"functionsResolution":{"declared":true,"installed":true,"version":"3.13.1","resolution":"C:\\Users\\guayo\\code\\amazon-clone-react\\functions\\node_modules\\firebase-functions\\lib\\index.js"}} {"metadata":{"emulator":{"name":"functions"},"function":{"name":"api"},"message":"[runtime-status] [11116] firebase-functions has been stubbed. {\"functionsResolution\":{\"declared\":true,\"installed\":true,\"version\":\"3.13.1\",\"resolution\":\"C:\\\\Users\\\\guayo\\\\code\\\\amazon-clone-react\\\\functions\\\\node_modules\\\\firebase-functions\\\\lib\\\\index.js\"}}"}}
[debug] [2021-01-27T04:13:45.056Z] [runtime-status] [11116] Resolved module firebase-functions {"declared":true,"installed":true,"version":"3.13.1","resolution":"C:\\Users\\guayo\\code\\amazon-clone-react\\functions\\node_modules\\firebase-functions\\lib\\index.js"} {"metadata":{"emulator":{"name":"functions"},"function":{"name":"api"},"message":"[runtime-status] [11116] Resolved module firebase-functions {\"declared\":true,\"installed\":true,\"version\":\"3.13.1\",\"resolution\":\"C:\\\\Users\\\\guayo\\\\code\\\\amazon-clone-react\\\\functions\\\\node_modules\\\\firebase-functions\\\\lib\\\\index.js\"}"}}
[debug] [2021-01-27T04:13:45.058Z] [runtime-status] [11116] Resolved module firebase-admin {"declared":true,"installed":true,"version":"9.4.2","resolution":"C:\\Users\\guayo\\code\\amazon-clone-react\\functions\\node_modules\\firebase-admin\\lib\\index.js"} {"metadata":{"emulator":{"name":"functions"},"function":{"name":"api"},"message":"[runtime-status] [11116] Resolved module firebase-admin {\"declared\":true,\"installed\":true,\"version\":\"9.4.2\",\"resolution\":\"C:\\\\Users\\\\guayo\\\\code\\\\amazon-clone-react\\\\functions\\\\node_modules\\\\firebase-admin\\\\lib\\\\index.js\"}"}}
[debug] [2021-01-27T04:13:45.060Z] [runtime-status] [11116] Resolved module firebase-functions {"declared":true,"installed":true,"version":"3.13.1","resolution":"C:\\Users\\guayo\\code\\amazon-clone-react\\functions\\node_modules\\firebase-functions\\lib\\index.js"} {"metadata":{"emulator":{"name":"functions"},"function":{"name":"api"},"message":"[runtime-status] [11116] Resolved module firebase-functions {\"declared\":true,\"installed\":true,\"version\":\"3.13.1\",\"resolution\":\"C:\\\\Users\\\\guayo\\\\code\\\\amazon-clone-react\\\\functions\\\\node_modules\\\\firebase-functions\\\\lib\\\\index.js\"}"}}
[debug] [2021-01-27T04:13:45.060Z] [runtime-status] [11116] firebase-admin has been stubbed. {"adminResolution":{"declared":true,"installed":true,"version":"9.4.2","resolution":"C:\\Users\\guayo\\code\\amazon-clone-react\\functions\\node_modules\\firebase-admin\\lib\\index.js"}} {"metadata":{"emulator":{"name":"functions"},"function":{"name":"api"},"message":"[runtime-status] [11116] firebase-admin has been stubbed. {\"adminResolution\":{\"declared\":true,\"installed\":true,\"version\":\"9.4.2\",\"resolution\":\"C:\\\\Users\\\\guayo\\\\code\\\\amazon-clone-react\\\\functions\\\\node_modules\\\\firebase-admin\\\\lib\\\\index.js\"}}"}}
[debug] [2021-01-27T04:13:45.428Z] [runtime-status] [11116] Trigger "api" has been found, beginning invocation! {"metadata":{"emulator":{"name":"functions"},"function":{"name":"api"},"message":"[runtime-status] [11116] Trigger \"api\" has been found, beginning invocation!"}}
[info] i  functions: Beginning execution of "api" {"metadata":{"emulator":{"name":"functions"},"function":{"name":"api"},"message":"Beginning execution of \"api\""}}
[debug] [2021-01-27T04:13:45.433Z] [runtime-status] [11116] triggerDefinition {"httpsTrigger":{},"name":"api","entryPoint":"api"} {"metadata":{"emulator":{"name":"functions"},"function":{"name":"api"},"message":"[runtime-status] [11116] triggerDefinition {\"httpsTrigger\":{},\"name\":\"api\",\"entryPoint\":\"api\"}"}}
[debug] [2021-01-27T04:13:45.433Z] [runtime-status] [11116] Running api in mode HTTPS {"metadata":{"emulator":{"name":"functions"},"function":{"name":"api"},"message":"[runtime-status] [11116] Running api in mode HTTPS"}}
[debug] [2021-01-27T04:13:45.462Z] [runtime-status] [11116] Attempting to listen to socketPath: \\?\pipe\C:\Users\guayo\code\amazon-clone-react\functions\11116 {"metadata":{"emulator":{"name":"functions"},"function":{"name":"api"},"message":"[runtime-status] [11116] Attempting to listen to socketPath: \\\\?\\pipe\\C:\\Users\\guayo\\code\\amazon-clone-react\\functions\\11116"}}
[debug] [2021-01-27T04:13:45.472Z] [functions] Runtime ready! Sending request! {"metadata":{"emulator":{"name":"functions"},"message":"[functions] Runtime ready! Sending request!"}}
[debug] [2021-01-27T04:13:45.495Z] [runtime-status] [11116] Ephemeral server handling GET request {"metadata":{"emulator":{"name":"functions"},"function":{"name":"api"},"message":"[runtime-status] [11116] Ephemeral server handling GET request"}}
[debug] [2021-01-27T04:13:45.513Z] [runtime-status] [11116] Ephemeral server survived. {"metadata":{"emulator":{"name":"functions"},"function":{"name":"api"},"message":"[runtime-status] [11116] Ephemeral server survived."}}
[info] i  functions: Finished "api" in ~1s {"metadata":{"emulator":{"name":"functions"},"function":{"name":"api"},"message":"Finished \"api\" in ~1s"}}
[debug] [2021-01-27T04:13:45.523Z] [worker-api-6217fc99-df3d-4edb-b46a-2c5ee63eb036]: IDLE {"metadata":{"emulator":{"name":"functions"},"message":"[worker-api-6217fc99-df3d-4edb-b46a-2c5ee63eb036]: IDLE"}}
[debug] [2021-01-27T04:13:45.523Z] [work-queue] {"queueLength":0,"workRunningCount":0}
[debug] [2021-01-27T04:13:45.856Z] Functions emulator received unknown request at path /favicon.ico
[debug] [2021-01-28T14:38:11.591Z] Received signal SIGHUP 1
